\BOOKMARK [0][-]{part.1}{I \332vodn\355 slovo}{}
\BOOKMARK [0][-]{part.2}{II Program\341torsk\375 manu\341l}{}
\BOOKMARK [1][-]{section.1}{Anotace}{part.2}
\BOOKMARK [1][-]{section.2}{Presn\351 zad\341n\355}{part.2}
\BOOKMARK [1][-]{section.3}{Algoritmy a datov\351 struktury}{part.2}
\BOOKMARK [2][-]{subsection.3.1}{Pou\236it\351 datov\351 struktury}{section.3}
\BOOKMARK [2][-]{subsection.3.2}{Pou\236it\351 algoritmy}{section.3}
\BOOKMARK [3][-]{subsubsection.3.2.1}{Napojen\355 knihovny na program}{subsection.3.2}
\BOOKMARK [3][-]{subsubsection.3.2.2}{Funkce insert}{subsection.3.2}
\BOOKMARK [3][-]{subsubsection.3.2.3}{Funkce delete}{subsection.3.2}
\BOOKMARK [3][-]{subsubsection.3.2.4}{Funkce find}{subsection.3.2}
\BOOKMARK [3][-]{subsubsection.3.2.5}{Funkce findMin}{subsection.3.2}
\BOOKMARK [3][-]{subsubsection.3.2.6}{Funkce findMax}{subsection.3.2}
\BOOKMARK [3][-]{subsubsection.3.2.7}{Funkce previous}{subsection.3.2}
\BOOKMARK [3][-]{subsubsection.3.2.8}{Funkce next}{subsection.3.2}
\BOOKMARK [0][-]{part.3}{III U\236ivatelsk\375 manu\341l}{}
\BOOKMARK [1][-]{section.4}{Menu}{part.3}
\BOOKMARK [1][-]{section.5}{Vstup a pr\355kazy programu}{part.3}
\BOOKMARK [2][-]{subsection.5.1}{Insert}{section.5}
\BOOKMARK [2][-]{subsection.5.2}{Delete}{section.5}
\BOOKMARK [2][-]{subsection.5.3}{Delete all}{section.5}
\BOOKMARK [2][-]{subsection.5.4}{Find}{section.5}
\BOOKMARK [2][-]{subsection.5.5}{Find min}{section.5}
\BOOKMARK [2][-]{subsection.5.6}{Find max}{section.5}
\BOOKMARK [2][-]{subsection.5.7}{Previous}{section.5}
\BOOKMARK [2][-]{subsection.5.8}{Next}{section.5}
\BOOKMARK [2][-]{subsection.5.9}{Display}{section.5}
\BOOKMARK [2][-]{subsection.5.10}{Clear}{section.5}
\BOOKMARK [2][-]{subsection.5.11}{Quit}{section.5}
